e:\manavworkspace\cnc__simulator\cnc_simulator\x64\debug\vc143.pdb
e:\manavworkspace\cnc__simulator\cnc_simulator\x64\debug\vc143.idb
e:\manavworkspace\cnc__simulator\cnc_simulator\x64\debug\qrc_cnc_simulator.obj
e:\manavworkspace\cnc__simulator\cnc_simulator\x64\debug\main.obj
e:\manavworkspace\cnc__simulator\cnc_simulator\x64\debug\cnc_simulator.obj
e:\manavworkspace\cnc__simulator\cnc_simulator\x64\debug\objreader.obj
e:\manavworkspace\cnc__simulator\cnc_simulator\x64\debug\intersector.obj
e:\manavworkspace\cnc__simulator\cnc_simulator\x64\debug\stlwriter.obj
e:\manavworkspace\cnc__simulator\cnc_simulator\x64\debug\pathcreator.obj
e:\manavworkspace\cnc__simulator\cnc_simulator\x64\debug\writer.obj
e:\manavworkspace\cnc__simulator\cnc_simulator\x64\debug\openglwidget.obj
e:\manavworkspace\cnc__simulator\cnc_simulator\x64\debug\moc_openglwidget.obj
e:\manavworkspace\cnc__simulator\cnc_simulator\x64\debug\moc_cnc_simulator.obj
e:\manavworkspace\cnc__simulator\cnc_simulator\x64\debug\qt\uic\ui_cnc_simulator.h
e:\manavworkspace\cnc__simulator\cnc_simulator\x64\debug\qt\rcc\qrc_cnc_simulator.cpp
e:\manavworkspace\cnc__simulator\cnc_simulator\x64\debug\qt\moc\moc_cnc_simulator.cpp
e:\manavworkspace\cnc__simulator\cnc_simulator\x64\debug\qt\moc\moc_openglwidget.cpp
e:\manavworkspace\cnc__simulator\x64\debug\cnc_simulator.exe
e:\manavworkspace\cnc__simulator\cnc_simulator\x64\debug\cnc_simulator.tlog\cl.command.1.tlog
e:\manavworkspace\cnc__simulator\cnc_simulator\x64\debug\cnc_simulator.tlog\cl.read.1.tlog
e:\manavworkspace\cnc__simulator\cnc_simulator\x64\debug\cnc_simulator.tlog\cl.write.1.tlog
e:\manavworkspace\cnc__simulator\cnc_simulator\x64\debug\cnc_simulator.tlog\cnc_simulator.write.1u.tlog
e:\manavworkspace\cnc__simulator\cnc_simulator\x64\debug\cnc_simulator.tlog\link.command.1.tlog
e:\manavworkspace\cnc__simulator\cnc_simulator\x64\debug\cnc_simulator.tlog\link.read.1.tlog
e:\manavworkspace\cnc__simulator\cnc_simulator\x64\debug\cnc_simulator.tlog\link.write.1.tlog
e:\manavworkspace\cnc__simulator\cnc_simulator\x64\debug\cnc_simulator.tlog\moc.read.1u.tlog
e:\manavworkspace\cnc__simulator\cnc_simulator\x64\debug\cnc_simulator.tlog\moc.write.1u.tlog
e:\manavworkspace\cnc__simulator\cnc_simulator\x64\debug\cnc_simulator.tlog\rcc.read.1u.tlog
e:\manavworkspace\cnc__simulator\cnc_simulator\x64\debug\cnc_simulator.tlog\rcc.write.1u.tlog
e:\manavworkspace\cnc__simulator\cnc_simulator\x64\debug\cnc_simulator.tlog\uic.read.1u.tlog
e:\manavworkspace\cnc__simulator\cnc_simulator\x64\debug\cnc_simulator.tlog\uic.write.1u.tlog
